{
  "stats": {
    "suites": 1,
    "tests": 1,
    "passes": 1,
    "pending": 0,
    "failures": 0,
    "start": "2020-12-18T18:19:54.676Z",
    "end": "2020-12-18T18:20:09.662Z",
    "duration": 14986,
    "testsRegistered": 1,
    "passPercent": 100,
    "pendingPercent": 0,
    "other": 0,
    "hasOther": false,
    "skipped": 0,
    "hasSkipped": false
  },
  "results": [
    {
      "uuid": "9ca18f89-c223-4ca7-8b49-b56948b50b13",
      "title": "",
      "fullFile": "cypress/integration/cadastro.spec.js",
      "file": "cypress/integration/cadastro.spec.js",
      "beforeHooks": [],
      "afterHooks": [],
      "tests": [],
      "suites": [
        {
          "uuid": "56f97ab7-2924-420c-85f4-65635545d026",
          "title": "Cadastro",
          "fullFile": "",
          "file": "",
          "beforeHooks": [],
          "afterHooks": [],
          "tests": [
            {
              "title": "Efetuar cadastro de usuario",
              "fullTitle": "Cadastro Efetuar cadastro de usuario",
              "timedOut": null,
              "duration": 14874,
              "state": "passed",
              "speed": "slow",
              "pass": true,
              "fail": false,
              "pending": false,
              "context": null,
              "code": "cy.server();\ncy.route('POST', '**/api/1/databases/userdetails/collections/newtable?**').as('postNewTable');\ncy.route('POST', '**/api/1/databases/userdetails/collections/usertable?**').as('postUserTable');\ncy.route('GET', '**/api/1/databases/userdetails/collections/newtable?**').as('getNewTable');\ncy.visit('Register.html');\nvar firstName = chance.first();\nvar lastName = chance.last();\nvar email = chance.email();\nvar phone = chance.phone({\n  formatted: false\n});\ncy.get('input[placeholder=\"First Name\"]').type(firstName);\ncy.get('input[placeholder=\"Last Name\"]').type(lastName);\ncy.get('input[ng-model^=Email]').type(email);\ncy.get('input[ng-model^=Phone]').type(phone); // check -> radios & checkboxes\ncy.get('input[value=FeMale').check();\ncy.get('input[type=checkbox').check('Movies'); // select -> select & select2(combos)\ncy.get('select#Skills').select('Javascript');\ncy.get('select#countries').select('Brazil');\ncy.get('select#countries').select('Australia', {\n  force: true\n});\ncy.get('select#yearbox').select('1997');\ncy.get('select[ng-model^=month]').select('November');\ncy.get('select#daybox').select('15');\ncy.get('input#firstpassword').type('TesteQA@123');\ncy.get('input#secondpassword').type('TesteQA@123');\ncy.get('input#imagesrc').attachFile('imagem.png');\ncy.get('button#submitbtn').click();\ncy.wait('@postNewTable').then(function (resNewTable) {\n  expect(resNewTable.status).to.eq(200);\n});\ncy.wait('@postUserTable').then(function (resUserTable) {\n  expect(resUserTable.status).to.eq(200);\n});\ncy.wait('@getNewTable').then(function (resGetUserTable) {\n  expect(resGetUserTable.status).to.eq(200);\n  console.log('Cadastro realizado com sucesso');\n});\ncy.url().should('contain', 'WebTable');",
              "err": {},
              "uuid": "b9a5d412-8d3b-4601-9c8d-fa762f96e766",
              "parentUUID": "56f97ab7-2924-420c-85f4-65635545d026",
              "isHook": false,
              "skipped": false
            }
          ],
          "suites": [],
          "passes": [
            "b9a5d412-8d3b-4601-9c8d-fa762f96e766"
          ],
          "failures": [],
          "pending": [],
          "skipped": [],
          "duration": 14874,
          "root": false,
          "rootEmpty": false,
          "_timeout": 2000
        }
      ],
      "passes": [],
      "failures": [],
      "pending": [],
      "skipped": [],
      "duration": 0,
      "root": true,
      "rootEmpty": true,
      "_timeout": 2000
    }
  ],
  "meta": {
    "mocha": {
      "version": "7.0.1"
    },
    "mochawesome": {
      "options": {
        "quiet": true,
        "reportFilename": "mochawesome",
        "saveHtml": false,
        "saveJson": true,
        "consoleReporter": "spec",
        "useInlineDiffs": false,
        "code": true
      },
      "version": "6.2.1"
    },
    "marge": {
      "options": {
        "id": "default",
        "reportDir": "mochawesome-report",
        "quiet": true,
        "overwrite": false,
        "html": false,
        "json": true
      },
      "version": "5.1.0"
    }
  }
}