{
  "stats": {
    "suites": 1,
    "tests": 2,
    "passes": 2,
    "pending": 0,
    "failures": 0,
    "start": "2020-12-18T20:05:40.551Z",
    "end": "2020-12-18T20:05:53.134Z",
    "duration": 12583,
    "testsRegistered": 2,
    "passPercent": 100,
    "pendingPercent": 0,
    "other": 0,
    "hasOther": false,
    "skipped": 0,
    "hasSkipped": false
  },
  "results": [
    {
      "uuid": "6f426e99-c640-4e4f-9879-74fef2d6f668",
      "title": "",
      "fullFile": "cypress/integration/listagem.spec.js",
      "file": "cypress/integration/listagem.spec.js",
      "beforeHooks": [],
      "afterHooks": [],
      "tests": [],
      "suites": [
        {
          "uuid": "22bd4892-78a3-44c0-baef-88484987d66f",
          "title": "Listagem",
          "fullFile": "",
          "file": "",
          "beforeHooks": [],
          "afterHooks": [],
          "tests": [
            {
              "title": "Listagem sem registros",
              "fullTitle": "Listagem Listagem sem registros",
              "timedOut": null,
              "duration": 7205,
              "state": "passed",
              "speed": "slow",
              "pass": true,
              "fail": false,
              "pending": false,
              "context": null,
              "code": "cy.server();\ncy.route('GET', '**/api/1/databases/userdetails/collections/newtable?**');\ncy.route({\n  method: 'GET',\n  url: '**/api/1/databases/userdetails/collections/newtable?**',\n  status: 200,\n  response: 'fx:webtable-get-vazio'\n}).as('getNewTable');\ncy.visit('WebTable.html');\ncy.get('div[role=row]').should('have.length', 1);",
              "err": {},
              "uuid": "3e47cf69-4977-45c8-b2cf-8251e3404124",
              "parentUUID": "22bd4892-78a3-44c0-baef-88484987d66f",
              "isHook": false,
              "skipped": false
            },
            {
              "title": "Listagem com apenas um registro",
              "fullTitle": "Listagem Listagem com apenas um registro",
              "timedOut": null,
              "duration": 5257,
              "state": "passed",
              "speed": "slow",
              "pass": true,
              "fail": false,
              "pending": false,
              "context": null,
              "code": "cy.server();\ncy.route({\n  method: 'GET',\n  url: '**/api/1/databases/userdetails/collections/newtable?**',\n  status: 200,\n  response: 'fx:webtable-get-unico'\n}).as('getNewTable');\ncy.visit('WebTable.html');\ncy.get('div[role=row] div[role=gridcell]').eq(4).find('div').as('gridCellPhone');\ncy.get('@gridCellPhone').should('contain.text', '3129876543');",
              "err": {},
              "uuid": "97e4e242-7907-494e-a4dd-4801f0a10587",
              "parentUUID": "22bd4892-78a3-44c0-baef-88484987d66f",
              "isHook": false,
              "skipped": false
            }
          ],
          "suites": [],
          "passes": [
            "3e47cf69-4977-45c8-b2cf-8251e3404124",
            "97e4e242-7907-494e-a4dd-4801f0a10587"
          ],
          "failures": [],
          "pending": [],
          "skipped": [],
          "duration": 12462,
          "root": false,
          "rootEmpty": false,
          "_timeout": 2000
        }
      ],
      "passes": [],
      "failures": [],
      "pending": [],
      "skipped": [],
      "duration": 0,
      "root": true,
      "rootEmpty": true,
      "_timeout": 2000
    }
  ],
  "meta": {
    "mocha": {
      "version": "7.0.1"
    },
    "mochawesome": {
      "options": {
        "quiet": true,
        "reportFilename": "mochawesome",
        "saveHtml": false,
        "saveJson": true,
        "consoleReporter": "spec",
        "useInlineDiffs": false,
        "code": true
      },
      "version": "6.2.1"
    },
    "marge": {
      "options": {
        "id": "default",
        "reportDir": "mochawesome-report",
        "quiet": true,
        "overwrite": false,
        "html": false,
        "json": true
      },
      "version": "5.1.0"
    }
  }
}