{
  "stats": {
    "suites": 1,
    "tests": 1,
    "passes": 0,
    "pending": 0,
    "failures": 1,
    "start": "2020-12-18T14:50:17.228Z",
    "end": "2020-12-18T14:50:17.501Z",
    "duration": 273,
    "testsRegistered": 1,
    "passPercent": 0,
    "pendingPercent": 0,
    "other": 0,
    "hasOther": false,
    "skipped": 0,
    "hasSkipped": false
  },
  "results": [
    {
      "uuid": "885a8ec4-660e-41c3-af4d-1a4d8cd76dcc",
      "title": "",
      "fullFile": "cypress/integration/cadastro.spec.js",
      "file": "cypress/integration/cadastro.spec.js",
      "beforeHooks": [],
      "afterHooks": [],
      "tests": [],
      "suites": [
        {
          "uuid": "9c28876e-ba74-41e9-a031-f22b2f6b660b",
          "title": "Cadastro",
          "fullFile": "",
          "file": "",
          "beforeHooks": [],
          "afterHooks": [],
          "tests": [
            {
              "title": "Efetuar cadastro de usuario",
              "fullTitle": "Cadastro Efetuar cadastro de usuario",
              "timedOut": null,
              "duration": 225,
              "state": "failed",
              "speed": null,
              "pass": false,
              "fail": true,
              "pending": false,
              "context": null,
              "code": "cy.server();\ncy.route('POST', '**/api/1/databases/userdetails/collections/newtable?**').as('postNewTable');\ncy.route('POST', '**/api/1/databases/userdetails/collections/usertable?**').as('postUserTable');\ncy.route('GET', '**/api/1/databases/userdetails/collections/newtable?**').as('getNewTable');\ncy.visit('Register.html');\nvar firstName = chance.first();\nvar lastName = chance.last();\nvar email = chance.email();\nvar phone = chance.phone({\n  formatted: false\n});\ncy.get('input[placeholder=\"First Name\"]').type(firstName);\ncy.get('input[placeholder=\"Last Name\"]').type(lastName);\ncy.get('input[ng-model^=Email]').type(email);\ncy.get('input[ng-model^=Phone]').type(phone); // check -> radios & checkboxes\ncy.get('input[value=FeMale').check();\ncy.get('input[type=checkbox').check('Movies'); // select -> select & select2(combos)\ncy.get('select#Skills').select('Javascript');\ncy.get('select#countries').select('Brazil');\ncy.get('select#countries').select('Australia', {\n  force: true\n});\ncy.get('select#yearbox').select('1997');\ncy.get('select[ng-model^=month]').select('November');\ncy.get('select#daybox').select('15');\ncy.get('input#firstpassword').type('TesteQA@123');\ncy.get('input#secondpassword').type('TesteQA@123');\ncy.get('input#imagesrc').attachFile('imagem.png');\ncy.get('button#submitbtn').click();\ncy.wait('@postNewTable').then(function (resNewTable) {\n  expect(resNewTable.status).to.eq(200);\n});\ncy.wait('@postUserTable').then(function (resUserTable) {\n  expect(resUserTable.status).to.eq(200);\n});\ncy.wait('@getNewTable').then(function (resGetUserTable) {\n  expect(resGetUserTable.status).to.eq(200);\n  console.log('Cadastro realizado com sucesso');\n});\ncy.url().should('contain', 'WebTable');",
              "err": {
                "message": "TypeError: chance.first is not a function",
                "estack": "TypeError: chance.first is not a function\n    at Context.eval (http://demo.automationtesting.in/__cypress/tests?p=cypress/integration/cadastro.spec.js:2216:28)",
                "diff": null
              },
              "uuid": "55578b92-7f91-429d-aab4-a3c6ce4a980b",
              "parentUUID": "9c28876e-ba74-41e9-a031-f22b2f6b660b",
              "isHook": false,
              "skipped": false
            }
          ],
          "suites": [],
          "passes": [],
          "failures": [
            "55578b92-7f91-429d-aab4-a3c6ce4a980b"
          ],
          "pending": [],
          "skipped": [],
          "duration": 225,
          "root": false,
          "rootEmpty": false,
          "_timeout": 2000
        }
      ],
      "passes": [],
      "failures": [],
      "pending": [],
      "skipped": [],
      "duration": 0,
      "root": true,
      "rootEmpty": true,
      "_timeout": 2000
    }
  ],
  "meta": {
    "mocha": {
      "version": "7.0.1"
    },
    "mochawesome": {
      "options": {
        "quiet": true,
        "reportFilename": "mochawesome",
        "saveHtml": false,
        "saveJson": true,
        "consoleReporter": "spec",
        "useInlineDiffs": false,
        "code": true
      },
      "version": "6.2.1"
    },
    "marge": {
      "options": {
        "id": "default",
        "reportDir": "mochawesome-report",
        "quiet": true,
        "overwrite": false,
        "html": false,
        "json": true
      },
      "version": "5.1.0"
    }
  }
}